TN:
SF:src\index.ts
FN:66,(anonymous_1)
FN:120,(anonymous_2)
FN:130,testConnection
FN:141,(anonymous_4)
FNF:4
FNH:0
FNDA:0,(anonymous_1)
FNDA:0,(anonymous_2)
FNDA:0,testConnection
FNDA:0,(anonymous_4)
DA:2,0
DA:3,0
DA:6,0
DA:7,0
DA:8,0
DA:10,0
DA:13,0
DA:14,0
DA:15,0
DA:16,0
DA:17,0
DA:18,0
DA:19,0
DA:20,0
DA:23,0
DA:24,0
DA:28,0
DA:41,0
DA:42,0
DA:43,0
DA:47,0
DA:50,0
DA:53,0
DA:54,0
DA:55,0
DA:56,0
DA:57,0
DA:58,0
DA:59,0
DA:60,0
DA:63,0
DA:64,0
DA:66,0
DA:67,0
DA:69,0
DA:72,0
DA:95,0
DA:97,0
DA:101,0
DA:103,0
DA:110,0
DA:111,0
DA:120,0
DA:121,0
DA:122,0
DA:131,0
DA:132,0
DA:133,0
DA:134,0
DA:136,0
DA:141,0
DA:142,0
DA:143,0
DA:144,0
LF:54
LH:0
BRDA:24,0,0,0
BRDA:24,0,1,0
BRDA:69,1,0,0
BRDA:69,1,1,0
BRDA:125,2,0,0
BRDA:125,2,1,0
BRF:6
BRH:0
end_of_record
TN:
SF:src\test-auth.js
FN:7,testAuthFlow
FNF:1
FNH:0
FNDA:0,testAuthFlow
DA:2,0
DA:5,0
DA:8,0
DA:9,0
DA:10,0
DA:13,0
DA:14,0
DA:15,0
DA:16,0
DA:19,0
DA:20,0
DA:21,0
DA:22,0
DA:25,0
DA:26,0
DA:27,0
DA:32,0
DA:33,0
DA:34,0
DA:36,0
DA:40,0
DA:41,0
DA:42,0
DA:47,0
DA:48,0
DA:50,0
DA:54,0
DA:55,0
DA:56,0
DA:57,0
DA:58,0
DA:60,0
DA:63,0
DA:66,0
DA:67,0
DA:68,0
DA:69,0
DA:71,0
DA:77,0
LF:39
LH:0
BRDA:36,0,0,0
BRDA:36,0,1,0
BRDA:36,1,0,0
BRDA:36,1,1,0
BRDA:50,2,0,0
BRDA:50,2,1,0
BRDA:50,3,0,0
BRDA:50,3,1,0
BRDA:60,4,0,0
BRDA:60,4,1,0
BRDA:60,5,0,0
BRDA:60,5,1,0
BRDA:67,6,0,0
BRDA:67,6,1,0
BRF:14
BRH:0
end_of_record
TN:
SF:src\test-reset.js
FN:7,testPasswordResetFlow
FNF:1
FNH:0
FNDA:0,testPasswordResetFlow
DA:2,0
DA:5,0
DA:8,0
DA:9,0
DA:10,0
DA:13,0
DA:14,0
DA:15,0
DA:18,0
DA:19,0
DA:22,0
DA:23,0
DA:26,0
DA:29,0
DA:30,0
DA:31,0
DA:32,0
DA:33,0
DA:34,0
DA:36,0
DA:40,0
DA:41,0
DA:42,0
DA:46,0
DA:47,0
DA:49,0
DA:54,0
DA:55,0
DA:56,0
DA:57,0
DA:60,0
DA:61,0
DA:64,0
DA:67,0
DA:70,0
DA:71,0
DA:72,0
DA:73,0
DA:75,0
DA:81,0
LF:40
LH:0
BRDA:22,0,0,0
BRDA:22,0,1,0
BRDA:36,1,0,0
BRDA:36,1,1,0
BRDA:36,2,0,0
BRDA:36,2,1,0
BRDA:49,3,0,0
BRDA:49,3,1,0
BRDA:49,4,0,0
BRDA:49,4,1,0
BRDA:64,5,0,0
BRDA:64,5,1,0
BRDA:64,6,0,0
BRDA:64,6,1,0
BRDA:71,7,0,0
BRDA:71,7,1,0
BRF:16
BRH:0
end_of_record
TN:
SF:src\db\add-migration.ts
FN:29,demonstrateMigrationWorkflow
FNF:1
FNH:0
FNDA:0,demonstrateMigrationWorkflow
DA:3,0
DA:4,0
DA:5,0
DA:6,0
DA:7,0
DA:9,0
DA:12,0
DA:15,0
DA:16,0
DA:17,0
DA:30,0
DA:32,0
DA:34,0
DA:35,0
DA:36,0
DA:37,0
DA:38,0
DA:41,0
DA:42,0
DA:79,0
DA:80,0
DA:83,0
DA:84,0
DA:85,0
DA:86,0
DA:89,0
DA:90,0
DA:91,0
DA:93,0
DA:95,0
DA:96,0
DA:101,0
LF:32
LH:0
BRDA:15,0,0,0
BRF:1
BRH:0
end_of_record
TN:
SF:src\db\check-for-undefined.ts
FN:17,checkForUndefined
FN:100,(anonymous_2)
FN:104,(anonymous_3)
FNF:3
FNH:0
FNDA:0,checkForUndefined
FNDA:0,(anonymous_2)
FNDA:0,(anonymous_3)
DA:1,0
DA:2,0
DA:3,0
DA:4,0
DA:6,0
DA:8,0
DA:9,0
DA:10,0
DA:18,0
DA:20,0
DA:21,0
DA:22,0
DA:25,0
DA:30,0
DA:31,0
DA:33,0
DA:37,0
DA:42,0
DA:43,0
DA:45,0
DA:49,0
DA:54,0
DA:55,0
DA:57,0
DA:61,0
DA:66,0
DA:67,0
DA:69,0
DA:73,0
DA:74,0
DA:78,0
DA:80,0
DA:81,0
DA:82,0
DA:83,0
DA:84,0
DA:85,0
DA:89,0
DA:90,0
DA:94,0
DA:100,0
DA:102,0
DA:103,0
DA:104,0
DA:105,0
DA:108,0
DA:112,0
DA:113,0
DA:117,0
DA:119,0
DA:123,0
DA:124,0
DA:128,0
DA:130,0
DA:133,0
DA:135,0
DA:137,0
DA:141,0
LF:58
LH:0
BRDA:8,0,0,0
BRDA:30,1,0,0
BRDA:30,1,1,0
BRDA:42,2,0,0
BRDA:42,2,1,0
BRDA:54,3,0,0
BRDA:54,3,1,0
BRDA:66,4,0,0
BRDA:66,4,1,0
BRDA:83,5,0,0
BRDA:89,6,0,0
BRDA:100,7,0,0
BRDA:100,7,1,0
BRDA:102,8,0,0
BRDA:102,8,1,0
BRF:15
BRH:0
end_of_record
TN:
SF:src\db\check-table.ts
FN:6,checkTable
FN:71,(anonymous_2)
FN:72,(anonymous_3)
FNF:3
FNH:0
FNDA:0,checkTable
FNDA:0,(anonymous_2)
FNDA:0,(anonymous_3)
DA:1,0
DA:2,0
DA:4,0
DA:7,0
DA:8,0
DA:10,0
DA:12,0
DA:13,0
DA:15,0
DA:16,0
DA:17,0
DA:18,0
DA:22,0
DA:29,0
DA:30,0
DA:32,0
DA:33,0
DA:34,0
DA:38,0
DA:45,0
DA:46,0
DA:49,0
DA:50,0
DA:53,0
DA:55,0
DA:60,0
DA:62,0
DA:63,0
DA:64,0
DA:65,0
DA:66,0
DA:70,0
DA:71,0
DA:73,0
DA:74,0
LF:35
LH:0
BRDA:15,0,0,0
BRDA:32,1,0,0
BRDA:62,2,0,0
BRF:3
BRH:0
end_of_record
TN:
SF:src\db\client.ts
FNF:0
FNH:0
DA:1,0
DA:2,0
DA:3,0
DA:5,0
DA:9,0
LF:5
LH:0
BRF:0
BRH:0
end_of_record
TN:
SF:src\db\create-migration.js
FN:30,(anonymous_0)
FN:72,(anonymous_1)
FNF:2
FNH:0
FNDA:0,(anonymous_0)
FNDA:0,(anonymous_1)
DA:15,0
DA:16,0
DA:17,0
DA:20,0
DA:21,0
DA:23,0
DA:24,0
DA:25,0
DA:26,0
DA:30,0
DA:31,0
DA:42,0
DA:46,0
DA:47,0
DA:48,0
DA:51,0
DA:52,0
DA:54,0
DA:55,0
DA:60,0
DA:61,0
DA:63,0
DA:71,0
DA:72,0
DA:74,0
DA:77,0
DA:78,0
DA:79,0
DA:82,0
DA:83,0
DA:92,0
DA:95,0
DA:101,0
DA:102,0
DA:104,0
DA:105,0
DA:106,0
DA:107,0
DA:108,0
DA:109,0
LF:40
LH:0
BRDA:21,0,0,0
BRDA:21,0,1,0
BRDA:23,1,0,0
BRDA:23,1,1,0
BRDA:51,2,0,0
BRDA:51,2,1,0
BRDA:54,3,0,0
BRDA:54,3,1,0
BRDA:60,4,0,0
BRDA:60,4,1,0
BRDA:71,5,0,0
BRDA:71,5,1,0
BRF:12
BRH:0
end_of_record
TN:
SF:src\db\custom-migrate.ts
FN:42,customMigrate
FN:74,(anonymous_11)
FN:76,(anonymous_12)
FN:77,(anonymous_13)
FN:130,(anonymous_14)
FN:131,(anonymous_15)
FNF:6
FNH:0
FNDA:0,customMigrate
FNDA:0,(anonymous_11)
FNDA:0,(anonymous_12)
FNDA:0,(anonymous_13)
FNDA:0,(anonymous_14)
FNDA:0,(anonymous_15)
DA:8,0
DA:9,0
DA:10,0
DA:11,0
DA:14,0
DA:17,0
DA:18,0
DA:19,0
DA:43,0
DA:44,0
DA:45,0
DA:46,0
DA:49,0
DA:50,0
DA:52,0
DA:53,0
DA:56,0
DA:57,0
DA:59,0
DA:60,0
DA:63,0
DA:64,0
DA:67,0
DA:71,0
DA:74,0
DA:75,0
DA:76,0
DA:77,0
DA:79,0
DA:80,0
DA:81,0
DA:84,0
DA:85,0
DA:86,0
DA:88,0
DA:89,0
DA:92,0
DA:93,0
DA:96,0
DA:98,0
DA:100,0
DA:103,0
DA:109,0
DA:110,0
DA:113,0
DA:114,0
DA:118,0
DA:121,0
DA:122,0
DA:124,0
DA:129,0
DA:130,0
DA:132,0
DA:133,0
LF:54
LH:0
BRDA:17,0,0,0
BRDA:44,1,0,0
BRDA:59,2,0,0
BRDA:79,3,0,0
BRDA:88,4,0,0
BRDA:114,5,0,0
BRDA:114,5,1,0
BRDA:121,6,0,0
BRDA:121,6,1,0
BRF:9
BRH:0
end_of_record
TN:
SF:src\db\debug-migrate.ts
FN:41,debugMigration
FN:52,(anonymous_2)
FN:64,(anonymous_3)
FN:65,(anonymous_4)
FN:74,(anonymous_5)
FN:119,(anonymous_6)
FN:137,(anonymous_7)
FN:138,(anonymous_8)
FNF:8
FNH:0
FNDA:0,debugMigration
FNDA:0,(anonymous_2)
FNDA:0,(anonymous_3)
FNDA:0,(anonymous_4)
FNDA:0,(anonymous_5)
FNDA:0,(anonymous_6)
FNDA:0,(anonymous_7)
FNDA:0,(anonymous_8)
DA:8,0
DA:9,0
DA:10,0
DA:11,0
DA:12,0
DA:13,0
DA:15,0
DA:42,0
DA:43,0
DA:44,0
DA:45,0
DA:49,0
DA:53,0
DA:54,0
DA:58,0
DA:59,0
DA:60,0
DA:63,0
DA:64,0
DA:65,0
DA:68,0
DA:69,0
DA:70,0
DA:71,0
DA:72,0
DA:73,0
DA:74,0
DA:75,0
DA:77,0
DA:78,0
DA:81,0
DA:85,0
DA:86,0
DA:87,0
DA:88,0
DA:89,0
DA:91,0
DA:92,0
DA:95,0
DA:96,0
DA:99,0
DA:104,0
DA:106,0
DA:107,0
DA:109,0
DA:112,0
DA:113,0
DA:114,0
DA:115,0
DA:116,0
DA:119,0
DA:120,0
DA:121,0
DA:122,0
DA:124,0
DA:129,0
DA:131,0
DA:132,0
DA:136,0
DA:137,0
DA:139,0
DA:140,0
LF:62
LH:0
BRDA:43,0,0,0
BRDA:51,1,0,0
BRDA:51,1,1,0
BRDA:70,2,0,0
BRDA:70,2,1,0
BRDA:112,3,0,0
BRDA:112,3,1,0
BRDA:114,4,0,0
BRDA:114,5,0,0
BRDA:114,5,1,0
BRDA:120,6,0,0
BRDA:120,6,1,0
BRDA:129,7,0,0
BRDA:129,7,1,0
BRF:14
BRH:0
end_of_record
TN:
SF:src\db\debug-migrator.ts
FN:19,debugMigrator
FN:30,(anonymous_2)
FN:31,(anonymous_3)
FN:42,(anonymous_4)
FN:53,(anonymous_5)
FN:59,(anonymous_6)
FN:91,(anonymous_7)
FN:106,(anonymous_8)
FN:120,(anonymous_9)
FNF:9
FNH:0
FNDA:0,debugMigrator
FNDA:0,(anonymous_2)
FNDA:0,(anonymous_3)
FNDA:0,(anonymous_4)
FNDA:0,(anonymous_5)
FNDA:0,(anonymous_6)
FNDA:0,(anonymous_7)
FNDA:0,(anonymous_8)
FNDA:0,(anonymous_9)
DA:3,0
DA:4,0
DA:5,0
DA:6,0
DA:8,0
DA:10,0
DA:11,0
DA:12,0
DA:21,0
DA:23,0
DA:24,0
DA:25,0
DA:28,0
DA:29,0
DA:30,0
DA:31,0
DA:34,0
DA:37,0
DA:38,0
DA:40,0
DA:41,0
DA:42,0
DA:44,0
DA:48,0
DA:52,0
DA:53,0
DA:54,0
DA:58,0
DA:59,0
DA:60,0
DA:62,0
DA:63,0
DA:66,0
DA:67,0
DA:72,0
DA:73,0
DA:77,0
DA:78,0
DA:80,0
DA:84,0
DA:90,0
DA:91,0
DA:92,0
DA:96,0
DA:102,0
DA:103,0
DA:104,0
DA:106,0
DA:107,0
DA:111,0
DA:114,0
DA:116,0
DA:120,0
DA:121,0
LF:54
LH:0
BRDA:10,0,0,0
BRDA:40,1,0,0
BRDA:40,1,1,0
BRDA:62,2,0,0
BRDA:62,3,0,0
BRDA:62,3,1,0
BRDA:66,4,0,0
BRDA:66,5,0,0
BRDA:66,5,1,0
BRDA:77,6,0,0
BRDA:77,6,1,0
BRDA:92,7,0,0
BRDA:92,7,1,0
BRDA:103,8,0,0
BRDA:103,8,1,0
BRF:15
BRH:0
end_of_record
TN:
SF:src\db\deep-reset-migrations.ts
FN:14,deepResetMigrationTable
FN:25,(anonymous_2)
FN:26,(anonymous_3)
FN:67,(anonymous_4)
FN:80,(anonymous_5)
FN:82,(anonymous_6)
FNF:6
FNH:0
FNDA:0,deepResetMigrationTable
FNDA:0,(anonymous_2)
FNDA:0,(anonymous_3)
FNDA:0,(anonymous_4)
FNDA:0,(anonymous_5)
FNDA:0,(anonymous_6)
DA:1,0
DA:2,0
DA:3,0
DA:4,0
DA:7,0
DA:9,0
DA:10,0
DA:11,0
DA:16,0
DA:18,0
DA:19,0
DA:20,0
DA:23,0
DA:24,0
DA:25,0
DA:26,0
DA:29,0
DA:33,0
DA:34,0
DA:35,0
DA:38,0
DA:46,0
DA:50,0
DA:52,0
DA:53,0
DA:54,0
DA:56,0
DA:60,0
DA:64,0
DA:66,0
DA:67,0
DA:68,0
DA:72,0
DA:75,0
DA:76,0
DA:77,0
DA:80,0
DA:82,0
DA:83,0
DA:84,0
DA:91,0
DA:102,0
DA:103,0
DA:106,0
DA:107,0
DA:110,0
DA:111,0
DA:113,0
DA:117,0
LF:49
LH:0
BRDA:9,0,0,0
BRDA:76,1,0,0
BRDA:83,2,0,0
BRF:3
BRH:0
end_of_record
TN:
SF:src\db\fix-migrate.ts
FN:13,fixMigrationTable
FN:42,(anonymous_2)
FN:47,(anonymous_3)
FN:70,(anonymous_4)
FNF:4
FNH:0
FNDA:0,fixMigrationTable
FNDA:0,(anonymous_2)
FNDA:0,(anonymous_3)
FNDA:0,(anonymous_4)
DA:1,0
DA:2,0
DA:5,0
DA:8,0
DA:9,0
DA:10,0
DA:15,0
DA:20,0
DA:21,0
DA:24,0
DA:31,0
DA:32,0
DA:33,0
DA:37,0
DA:41,0
DA:42,0
DA:43,0
DA:47,0
DA:49,0
DA:50,0
DA:53,0
DA:54,0
DA:55,0
DA:59,0
DA:61,0
DA:65,0
DA:69,0
DA:70,0
DA:71,0
DA:74,0
DA:77,0
DA:78,0
DA:80,0
DA:85,0
LF:34
LH:0
BRDA:8,0,0,0
BRDA:17,1,0,0
BRDA:17,1,1,0
BRDA:31,2,0,0
BRDA:43,3,0,0
BRDA:43,3,1,0
BRDA:49,4,0,0
BRDA:49,4,1,0
BRF:8
BRH:0
end_of_record
TN:
SF:src\db\fix-migration-types.ts
FN:23,fixMigrationTypes
FNF:1
FNH:0
FNDA:0,fixMigrationTypes
DA:17,0
DA:18,0
DA:21,0
DA:24,0
DA:25,0
DA:26,0
DA:27,0
DA:30,0
DA:31,0
DA:33,0
DA:34,0
DA:37,0
DA:45,0
DA:46,0
DA:47,0
DA:51,0
DA:59,0
DA:60,0
DA:61,0
DA:62,0
DA:65,0
DA:68,0
DA:72,0
DA:73,0
DA:74,0
DA:77,0
DA:80,0
DA:81,0
DA:82,0
DA:83,0
DA:85,0
DA:86,0
DA:87,0
DA:88,0
DA:91,0
DA:97,0
DA:99,0
DA:102,0
DA:106,0
DA:107,0
DA:108,0
DA:110,0
DA:114,0
DA:120,0
DA:121,0
DA:122,0
DA:123,0
DA:125,0
DA:126,0
DA:127,0
DA:128,0
DA:129,0
DA:131,0
DA:133,0
DA:136,0
DA:137,0
DA:139,0
DA:143,0
LF:58
LH:0
BRDA:25,0,0,0
BRDA:45,1,0,0
BRDA:59,2,0,0
BRDA:59,3,0,0
BRDA:59,3,1,0
BRDA:60,4,0,0
BRDA:60,4,1,0
BRDA:72,5,0,0
BRDA:85,6,0,0
BRDA:85,6,1,0
BRDA:106,7,0,0
BRDA:106,7,1,0
BRF:12
BRH:0
end_of_record
TN:
SF:src\db\fix-type-migrations.ts
FN:15,fixMigrationTypes
FN:30,(anonymous_2)
FN:90,(anonymous_3)
FN:102,(anonymous_4)
FNF:4
FNH:0
FNDA:0,fixMigrationTypes
FNDA:0,(anonymous_2)
FNDA:0,(anonymous_3)
FNDA:0,(anonymous_4)
DA:1,0
DA:2,0
DA:4,0
DA:6,0
DA:7,0
DA:8,0
DA:16,0
DA:18,0
DA:19,0
DA:20,0
DA:23,0
DA:29,0
DA:30,0
DA:31,0
DA:35,0
DA:37,0
DA:38,0
DA:43,0
DA:44,0
DA:47,0
DA:51,0
DA:54,0
DA:56,0
DA:57,0
DA:66,0
DA:68,0
DA:69,0
DA:70,0
DA:71,0
DA:74,0
DA:79,0
DA:83,0
DA:89,0
DA:90,0
DA:91,0
DA:95,0
DA:101,0
DA:102,0
DA:103,0
DA:106,0
DA:107,0
DA:110,0
DA:111,0
DA:113,0
DA:118,0
LF:45
LH:0
BRDA:6,0,0,0
BRDA:70,1,0,0
BRF:2
BRH:0
end_of_record
TN:
SF:src\db\migrate.ts
FN:29,runStandardMigrations
FNF:1
FNH:0
FNDA:0,runStandardMigrations
DA:18,0
DA:19,0
DA:20,0
DA:21,0
DA:22,0
DA:24,0
DA:30,0
DA:31,0
DA:32,0
DA:33,0
DA:37,0
DA:42,0
DA:43,0
DA:44,0
DA:45,0
DA:48,0
DA:49,0
DA:51,0
DA:54,0
DA:55,0
DA:56,0
DA:57,0
DA:60,0
DA:61,0
DA:62,0
DA:63,0
DA:64,0
DA:66,0
DA:68,0
DA:69,0
DA:70,0
DA:74,0
LF:32
LH:0
BRDA:31,0,0,0
BRDA:39,1,0,0
BRDA:39,1,1,0
BRDA:54,2,0,0
BRDA:54,3,0,0
BRDA:54,3,1,0
BRF:6
BRH:0
end_of_record
TN:
SF:src\db\migration-verification.ts
FN:28,verifyMigrationWorkflow
FN:163,(anonymous_2)
FN:167,(anonymous_3)
FNF:3
FNH:0
FNDA:0,verifyMigrationWorkflow
FNDA:0,(anonymous_2)
FNDA:0,(anonymous_3)
DA:14,0
DA:15,0
DA:16,0
DA:17,0
DA:18,0
DA:19,0
DA:21,0
DA:29,0
DA:30,0
DA:31,0
DA:32,0
DA:35,0
DA:37,0
DA:39,0
DA:40,0
DA:42,0
DA:43,0
DA:44,0
DA:45,0
DA:48,0
DA:51,0
DA:52,0
DA:53,0
DA:56,0
DA:66,0
DA:67,0
DA:70,0
DA:71,0
DA:72,0
DA:73,0
DA:75,0
DA:77,0
DA:78,0
DA:82,0
DA:83,0
DA:84,0
DA:85,0
DA:87,0
DA:89,0
DA:90,0
DA:94,0
DA:95,0
DA:97,0
DA:98,0
DA:99,0
DA:101,0
DA:102,0
DA:105,0
DA:108,0
DA:109,0
DA:110,0
DA:112,0
DA:113,0
DA:121,0
DA:122,0
DA:124,0
DA:125,0
DA:128,0
DA:130,0
DA:134,0
DA:135,0
DA:136,0
DA:139,0
DA:140,0
DA:141,0
DA:142,0
DA:143,0
DA:144,0
DA:147,0
DA:148,0
DA:149,0
DA:150,0
DA:151,0
DA:153,0
DA:155,0
DA:156,0
DA:161,0
DA:162,0
DA:164,0
DA:165,0
DA:168,0
DA:169,0
DA:173,0
LF:83
LH:0
BRDA:30,0,0,0
BRDA:42,1,0,0
BRDA:97,2,0,0
BRDA:121,3,0,0
BRDA:161,4,0,0
BRDA:164,5,0,0
BRDA:164,5,1,0
BRDA:165,6,0,0
BRDA:165,6,1,0
BRF:9
BRH:0
end_of_record
TN:
SF:src\db\patched-migrate.ts
FN:14,runPatchedMigration
FN:24,(anonymous_2)
FN:30,(anonymous_3)
FN:39,(anonymous_4)
FN:57,(anonymous_5)
FN:58,(anonymous_6)
FNF:6
FNH:0
FNDA:0,runPatchedMigration
FNDA:0,(anonymous_2)
FNDA:0,(anonymous_3)
FNDA:0,(anonymous_4)
FNDA:0,(anonymous_5)
FNDA:0,(anonymous_6)
DA:1,0
DA:3,0
DA:4,0
DA:5,0
DA:6,0
DA:8,0
DA:17,0
DA:19,0
DA:21,0
DA:24,0
DA:26,0
DA:29,0
DA:30,0
DA:33,0
DA:36,0
DA:37,0
DA:38,0
DA:39,0
DA:40,0
DA:42,0
DA:45,0
DA:56,0
DA:57,0
DA:58,0
DA:60,0
DA:61,0
DA:62,0
DA:65,0
DA:68,0
DA:69,0
DA:70,0
DA:71,0
DA:74,0
DA:77,0
DA:79,0
DA:82,0
DA:84,0
DA:85,0
DA:89,0
DA:90,0
DA:95,0
DA:98,0
DA:101,0
DA:103,0
DA:104,0
DA:108,0
DA:109,0
DA:110,0
DA:111,0
DA:114,0
DA:119,0
DA:120,0
DA:123,0
DA:124,0
DA:127,0
DA:129,0
DA:131,0
DA:132,0
DA:134,0
DA:138,0
LF:60
LH:0
BRDA:60,0,0,0
BRDA:70,1,0,0
BRDA:109,2,0,0
BRDA:116,3,0,0
BRDA:116,3,1,0
BRF:5
BRH:0
end_of_record
TN:
SF:src\db\pure-standard-migrate.ts
FN:10,runPureStandardMigrations
FN:23,(anonymous_2)
FN:27,(anonymous_3)
FN:34,(anonymous_4)
FNF:4
FNH:0
FNDA:0,runPureStandardMigrations
FNDA:0,(anonymous_2)
FNDA:0,(anonymous_3)
FNDA:0,(anonymous_4)
DA:1,0
DA:2,0
DA:3,0
DA:4,0
DA:5,0
DA:6,0
DA:8,0
DA:11,0
DA:12,0
DA:13,0
DA:14,0
DA:18,0
DA:19,0
DA:21,0
DA:22,0
DA:23,0
DA:26,0
DA:27,0
DA:30,0
DA:31,0
DA:32,0
DA:33,0
DA:34,0
DA:35,0
DA:38,0
DA:41,0
DA:44,0
DA:49,0
DA:50,0
DA:53,0
DA:56,0
DA:61,0
DA:63,0
DA:64,0
DA:66,0
DA:67,0
DA:68,0
DA:69,0
DA:70,0
DA:72,0
DA:73,0
DA:74,0
DA:75,0
DA:76,0
DA:79,0
DA:81,0
DA:85,0
LF:47
LH:0
BRDA:12,0,0,0
BRDA:31,1,0,0
BRDA:31,1,1,0
BRDA:46,2,0,0
BRDA:46,2,1,0
BRDA:66,3,0,0
BRDA:66,4,0,0
BRDA:66,4,1,0
BRF:8
BRH:0
end_of_record
TN:
SF:src\db\query-migration-table.ts
FN:11,formatTimestamp
FN:33,queryMigrationTable
FN:81,(anonymous_3)
FN:87,(anonymous_4)
FN:88,(anonymous_5)
FN:93,(anonymous_6)
FN:94,(anonymous_7)
FN:101,(anonymous_8)
FN:106,(anonymous_9)
FNF:9
FNH:0
FNDA:0,formatTimestamp
FNDA:0,queryMigrationTable
FNDA:0,(anonymous_3)
FNDA:0,(anonymous_4)
FNDA:0,(anonymous_5)
FNDA:0,(anonymous_6)
FNDA:0,(anonymous_7)
FNDA:0,(anonymous_8)
FNDA:0,(anonymous_9)
DA:6,0
DA:7,0
DA:9,0
DA:13,0
DA:14,0
DA:16,0
DA:17,0
DA:19,0
DA:22,0
DA:23,0
DA:24,0
DA:26,0
DA:29,0
DA:34,0
DA:35,0
DA:36,0
DA:37,0
DA:40,0
DA:41,0
DA:43,0
DA:44,0
DA:47,0
DA:55,0
DA:56,0
DA:57,0
DA:61,0
DA:65,0
DA:66,0
DA:67,0
DA:68,0
DA:70,0
DA:72,0
DA:73,0
DA:74,0
DA:76,0
DA:78,0
DA:81,0
DA:82,0
DA:83,0
DA:86,0
DA:87,0
DA:88,0
DA:90,0
DA:91,0
DA:92,0
DA:93,0
DA:94,0
DA:97,0
DA:101,0
DA:102,0
DA:105,0
DA:106,0
DA:109,0
DA:117,0
DA:118,0
DA:119,0
DA:120,0
DA:122,0
DA:123,0
DA:124,0
DA:125,0
DA:127,0
DA:129,0
DA:132,0
DA:134,0
DA:138,0
LF:66
LH:0
BRDA:14,0,0,0
BRDA:14,0,1,0
BRDA:17,1,0,0
BRDA:23,2,0,0
BRDA:23,2,1,0
BRDA:35,3,0,0
BRDA:55,4,0,0
BRDA:82,5,0,0
BRDA:82,5,1,0
BRDA:90,6,0,0
BRDA:90,6,1,0
BRF:11
BRH:0
end_of_record
TN:
SF:src\db\query.ts
FN:6,runQuery
FNF:1
FNH:0
FNDA:0,runQuery
DA:1,0
DA:2,0
DA:4,0
DA:7,0
DA:11,0
DA:12,0
DA:13,0
DA:14,0
DA:15,0
DA:17,0
DA:19,0
DA:23,0
LF:12
LH:0
BRF:0
BRH:0
end_of_record
TN:
SF:src\db\rebuild-migration-state.ts
FN:40,rebuildMigrationState
FN:79,(anonymous_11)
FN:80,(anonymous_12)
FN:83,(anonymous_13)
FN:86,(anonymous_14)
FN:175,(anonymous_15)
FN:213,(anonymous_16)
FN:229,(anonymous_17)
FN:233,(anonymous_18)
FNF:9
FNH:0
FNDA:0,rebuildMigrationState
FNDA:0,(anonymous_11)
FNDA:0,(anonymous_12)
FNDA:0,(anonymous_13)
FNDA:0,(anonymous_14)
FNDA:0,(anonymous_15)
FNDA:0,(anonymous_16)
FNDA:0,(anonymous_17)
FNDA:0,(anonymous_18)
DA:16,0
DA:17,0
DA:18,0
DA:19,0
DA:20,0
DA:22,0
DA:41,0
DA:42,0
DA:43,0
DA:44,0
DA:47,0
DA:48,0
DA:50,0
DA:51,0
DA:52,0
DA:53,0
DA:56,0
DA:57,0
DA:58,0
DA:59,0
DA:60,0
DA:61,0
DA:64,0
DA:65,0
DA:67,0
DA:70,0
DA:71,0
DA:72,0
DA:73,0
DA:74,0
DA:75,0
DA:78,0
DA:79,0
DA:80,0
DA:83,0
DA:84,0
DA:85,0
DA:86,0
DA:87,0
DA:89,0
DA:93,0
DA:94,0
DA:103,0
DA:104,0
DA:106,0
DA:107,0
DA:108,0
DA:111,0
DA:112,0
DA:115,0
DA:123,0
DA:125,0
DA:126,0
DA:127,0
DA:132,0
DA:135,0
DA:136,0
DA:139,0
DA:140,0
DA:144,0
DA:145,0
DA:154,0
DA:157,0
DA:159,0
DA:162,0
DA:164,0
DA:169,0
DA:173,0
DA:174,0
DA:175,0
DA:176,0
DA:179,0
DA:180,0
DA:188,0
DA:190,0
DA:191,0
DA:192,0
DA:193,0
DA:196,0
DA:197,0
DA:199,0
DA:200,0
DA:201,0
DA:202,0
DA:203,0
DA:204,0
DA:206,0
DA:207,0
DA:208,0
DA:209,0
DA:211,0
DA:212,0
DA:213,0
DA:214,0
DA:215,0
DA:219,0
DA:220,0
DA:222,0
DA:227,0
DA:228,0
DA:230,0
DA:231,0
DA:234,0
DA:235,0
DA:239,0
LF:105
LH:0
BRDA:42,0,0,0
BRDA:58,1,0,0
BRDA:72,2,0,0
BRDA:84,3,0,0
BRDA:84,3,1,0
BRDA:86,4,0,0
BRDA:86,4,1,0
BRDA:106,5,0,0
BRDA:106,5,1,0
BRDA:123,6,0,0
BRDA:123,6,1,0
BRDA:125,7,0,0
BRDA:169,8,0,0
BRDA:169,8,1,0
BRDA:188,9,0,0
BRDA:188,9,1,0
BRDA:190,10,0,0
BRDA:199,11,0,0
BRDA:199,11,1,0
BRDA:227,12,0,0
BRDA:230,13,0,0
BRDA:230,13,1,0
BRDA:231,14,0,0
BRDA:231,14,1,0
BRF:24
BRH:0
end_of_record
TN:
SF:src\db\reset-migrations.ts
FN:14,resetMigrationTable
FN:25,(anonymous_2)
FN:26,(anonymous_3)
FN:42,(anonymous_4)
FN:43,(anonymous_5)
FN:44,(anonymous_6)
FN:86,(anonymous_7)
FNF:7
FNH:0
FNDA:0,resetMigrationTable
FNDA:0,(anonymous_2)
FNDA:0,(anonymous_3)
FNDA:0,(anonymous_4)
FNDA:0,(anonymous_5)
FNDA:0,(anonymous_6)
FNDA:0,(anonymous_7)
DA:1,0
DA:2,0
DA:3,0
DA:4,0
DA:7,0
DA:9,0
DA:10,0
DA:11,0
DA:16,0
DA:18,0
DA:19,0
DA:20,0
DA:23,0
DA:24,0
DA:25,0
DA:26,0
DA:29,0
DA:32,0
DA:33,0
DA:34,0
DA:35,0
DA:38,0
DA:39,0
DA:42,0
DA:43,0
DA:44,0
DA:46,0
DA:47,0
DA:48,0
DA:49,0
DA:51,0
DA:52,0
DA:54,0
DA:55,0
DA:58,0
DA:61,0
DA:62,0
DA:63,0
DA:71,0
DA:74,0
DA:75,0
DA:76,0
DA:80,0
DA:84,0
DA:85,0
DA:86,0
DA:88,0
DA:91,0
DA:92,0
DA:94,0
DA:98,0
LF:51
LH:0
BRDA:9,0,0,0
BRDA:33,1,0,0
BRDA:46,2,0,0
BRDA:46,3,0,0
BRDA:46,3,1,0
BRDA:48,4,0,0
BRDA:51,5,0,0
BRF:7
BRH:0
end_of_record
TN:
SF:src\db\schema.ts
FN:81,(anonymous_0)
FN:82,(anonymous_1)
FN:85,(anonymous_2)
FN:86,(anonymous_3)
FN:87,(anonymous_4)
FN:88,(anonymous_5)
FN:89,(anonymous_6)
FN:92,(anonymous_7)
FN:93,(anonymous_8)
FN:33,(anonymous_9)
FN:71,(anonymous_10)
FNF:11
FNH:0
FNDA:0,(anonymous_0)
FNDA:0,(anonymous_1)
FNDA:0,(anonymous_2)
FNDA:0,(anonymous_3)
FNDA:0,(anonymous_4)
FNDA:0,(anonymous_5)
FNDA:0,(anonymous_6)
FNDA:0,(anonymous_7)
FNDA:0,(anonymous_8)
FNDA:0,(anonymous_9)
FNDA:0,(anonymous_10)
DA:1,0
DA:4,0
DA:7,0
DA:16,0
DA:22,0
DA:23,0
DA:28,0
DA:33,0
DA:72,0
DA:81,0
DA:82,0
DA:85,0
DA:86,0
DA:87,0
DA:88,0
DA:89,0
DA:92,0
DA:93,0
LF:18
LH:0
BRF:0
BRH:0
end_of_record
TN:
SF:src\db\setup.ts
FN:11,(anonymous_1)
FNF:1
FNH:0
FNDA:0,(anonymous_1)
DA:1,0
DA:2,0
DA:5,0
DA:7,0
DA:11,0
DA:12,0
DA:13,0
DA:15,0
DA:33,0
DA:34,0
DA:36,0
DA:38,0
DA:42,0
LF:13
LH:0
BRF:0
BRH:0
end_of_record
TN:
SF:src\db\show-migrations.ts
FN:6,showMigrations
FN:30,(anonymous_2)
FN:31,(anonymous_3)
FN:34,(anonymous_4)
FN:35,(anonymous_5)
FN:39,(anonymous_6)
FN:44,(anonymous_7)
FN:60,(anonymous_8)
FN:61,(anonymous_9)
FNF:9
FNH:0
FNDA:0,showMigrations
FNDA:0,(anonymous_2)
FNDA:0,(anonymous_3)
FNDA:0,(anonymous_4)
FNDA:0,(anonymous_5)
FNDA:0,(anonymous_6)
FNDA:0,(anonymous_7)
FNDA:0,(anonymous_8)
FNDA:0,(anonymous_9)
DA:1,0
DA:2,0
DA:4,0
DA:7,0
DA:8,0
DA:10,0
DA:12,0
DA:16,0
DA:17,0
DA:18,0
DA:22,0
DA:23,0
DA:24,0
DA:26,0
DA:27,0
DA:28,0
DA:30,0
DA:31,0
DA:34,0
DA:35,0
DA:37,0
DA:38,0
DA:39,0
DA:42,0
DA:43,0
DA:44,0
DA:47,0
DA:48,0
DA:53,0
DA:55,0
DA:59,0
DA:60,0
DA:62,0
DA:63,0
LF:34
LH:0
BRDA:26,0,0,0
BRDA:37,1,0,0
BRDA:42,2,0,0
BRDA:47,3,0,0
BRDA:47,4,0,0
BRDA:47,4,1,0
BRF:6
BRH:0
end_of_record
TN:
SF:src\db\standard-migrate.ts
FN:20,runMigrations
FNF:1
FNH:0
FNDA:0,runMigrations
DA:1,0
DA:2,0
DA:3,0
DA:4,0
DA:5,0
DA:8,0
DA:11,0
DA:12,0
DA:13,0
DA:22,0
DA:24,0
DA:26,0
DA:27,0
DA:30,0
DA:31,0
DA:33,0
DA:35,0
DA:36,0
DA:39,0
DA:40,0
DA:45,0
LF:21
LH:0
BRDA:11,0,0,0
BRF:1
BRH:0
end_of_record
TN:
SF:src\db\test-invalid-token.ts
FN:3,testInvalidToken
FNF:1
FNH:0
FNDA:0,testInvalidToken
DA:1,0
DA:4,0
DA:5,0
DA:6,0
DA:23,0
DA:25,0
DA:26,0
DA:27,0
DA:28,0
DA:30,0
DA:35,0
LF:11
LH:0
BRDA:26,0,0,0
BRDA:26,0,1,0
BRF:2
BRH:0
end_of_record
TN:
SF:src\db\test-migration-workflow.ts
FN:30,cleanupTestField
FN:66,testMigrationWorkflow
FN:293,(anonymous_3)
FN:297,(anonymous_4)
FNF:4
FNH:0
FNDA:0,cleanupTestField
FNDA:0,testMigrationWorkflow
FNDA:0,(anonymous_3)
FNDA:0,(anonymous_4)
DA:12,0
DA:13,0
DA:14,0
DA:15,0
DA:16,0
DA:17,0
DA:19,0
DA:22,0
DA:23,0
DA:31,0
DA:32,0
DA:33,0
DA:34,0
DA:37,0
DA:39,0
DA:41,0
DA:42,0
DA:44,0
DA:45,0
DA:46,0
DA:47,0
DA:48,0
DA:50,0
DA:51,0
DA:53,0
DA:56,0
DA:57,0
DA:67,0
DA:68,0
DA:69,0
DA:70,0
DA:73,0
DA:74,0
DA:75,0
DA:76,0
DA:79,0
DA:80,0
DA:81,0
DA:82,0
DA:84,0
DA:86,0
DA:89,0
DA:90,0
DA:92,0
DA:93,0
DA:94,0
DA:98,0
DA:99,0
DA:102,0
DA:103,0
DA:106,0
DA:107,0
DA:110,0
DA:111,0
DA:112,0
DA:113,0
DA:114,0
DA:115,0
DA:117,0
DA:120,0
DA:121,0
DA:122,0
DA:123,0
DA:125,0
DA:126,0
DA:130,0
DA:131,0
DA:132,0
DA:133,0
DA:135,0
DA:136,0
DA:140,0
DA:141,0
DA:142,0
DA:144,0
DA:145,0
DA:156,0
DA:157,0
DA:158,0
DA:161,0
DA:163,0
DA:167,0
DA:168,0
DA:169,0
DA:170,0
DA:171,0
DA:172,0
DA:174,0
DA:177,0
DA:178,0
DA:179,0
DA:180,0
DA:181,0
DA:182,0
DA:183,0
DA:186,0
DA:187,0
DA:188,0
DA:189,0
DA:192,0
DA:193,0
DA:194,0
DA:197,0
DA:198,0
DA:199,0
DA:200,0
DA:202,0
DA:203,0
DA:204,0
DA:208,0
DA:209,0
DA:210,0
DA:211,0
DA:213,0
DA:214,0
DA:215,0
DA:219,0
DA:220,0
DA:221,0
DA:223,0
DA:224,0
DA:235,0
DA:236,0
DA:237,0
DA:240,0
DA:241,0
DA:243,0
DA:246,0
DA:250,0
DA:251,0
DA:252,0
DA:253,0
DA:254,0
DA:256,0
DA:259,0
DA:261,0
DA:264,0
DA:266,0
DA:267,0
DA:270,0
DA:271,0
DA:272,0
DA:273,0
DA:275,0
DA:276,0
DA:277,0
DA:278,0
DA:282,0
DA:284,0
DA:291,0
DA:292,0
DA:294,0
DA:295,0
DA:298,0
DA:299,0
DA:303,0
LF:156
LH:0
BRDA:32,0,0,0
BRDA:66,1,0,0
BRDA:68,2,0,0
BRDA:92,3,0,0
BRDA:112,4,0,0
BRDA:156,5,0,0
BRDA:169,6,0,0
BRDA:186,7,0,0
BRDA:186,7,1,0
BRDA:235,8,0,0
BRDA:235,8,1,0
BRDA:252,9,0,0
BRDA:252,9,1,0
BRDA:270,10,0,0
BRDA:275,11,0,0
BRDA:291,12,0,0
BRDA:294,13,0,0
BRDA:294,13,1,0
BRDA:295,14,0,0
BRDA:295,14,1,0
BRF:20
BRH:0
end_of_record
TN:
SF:src\db\validate-migrations.ts
FN:55,validateMigrationState
FN:102,(anonymous_11)
FN:113,(anonymous_12)
FN:155,(anonymous_13)
FN:156,(anonymous_14)
FN:160,(anonymous_15)
FN:161,(anonymous_16)
FN:166,(anonymous_17)
FN:167,(anonymous_18)
FN:171,(anonymous_19)
FN:172,(anonymous_20)
FN:187,(anonymous_21)
FN:188,(anonymous_22)
FN:200,(anonymous_23)
FN:204,(anonymous_24)
FN:205,(anonymous_25)
FN:230,(anonymous_26)
FN:237,(anonymous_27)
FN:269,(anonymous_28)
FN:270,(anonymous_29)
FN:326,(anonymous_30)
FN:332,(anonymous_31)
FNF:22
FNH:0
FNDA:0,validateMigrationState
FNDA:0,(anonymous_11)
FNDA:0,(anonymous_12)
FNDA:0,(anonymous_13)
FNDA:0,(anonymous_14)
FNDA:0,(anonymous_15)
FNDA:0,(anonymous_16)
FNDA:0,(anonymous_17)
FNDA:0,(anonymous_18)
FNDA:0,(anonymous_19)
FNDA:0,(anonymous_20)
FNDA:0,(anonymous_21)
FNDA:0,(anonymous_22)
FNDA:0,(anonymous_23)
FNDA:0,(anonymous_24)
FNDA:0,(anonymous_25)
FNDA:0,(anonymous_26)
FNDA:0,(anonymous_27)
FNDA:0,(anonymous_28)
FNDA:0,(anonymous_29)
FNDA:0,(anonymous_30)
FNDA:0,(anonymous_31)
DA:18,0
DA:19,0
DA:20,0
DA:21,0
DA:23,0
DA:56,0
DA:57,0
DA:58,0
DA:59,0
DA:62,0
DA:63,0
DA:65,0
DA:66,0
DA:68,0
DA:69,0
DA:70,0
DA:73,0
DA:74,0
DA:82,0
DA:83,0
DA:84,0
DA:85,0
DA:86,0
DA:87,0
DA:89,0
DA:92,0
DA:93,0
DA:101,0
DA:102,0
DA:105,0
DA:111,0
DA:112,0
DA:113,0
DA:114,0
DA:115,0
DA:116,0
DA:117,0
DA:118,0
DA:119,0
DA:120,0
DA:121,0
DA:122,0
DA:123,0
DA:127,0
DA:128,0
DA:130,0
DA:134,0
DA:135,0
DA:136,0
DA:137,0
DA:138,0
DA:139,0
DA:140,0
DA:141,0
DA:143,0
DA:145,0
DA:146,0
DA:149,0
DA:151,0
DA:152,0
DA:155,0
DA:156,0
DA:158,0
DA:159,0
DA:160,0
DA:161,0
DA:162,0
DA:166,0
DA:167,0
DA:169,0
DA:170,0
DA:171,0
DA:172,0
DA:173,0
DA:176,0
DA:177,0
DA:181,0
DA:182,0
DA:183,0
DA:185,0
DA:186,0
DA:187,0
DA:188,0
DA:190,0
DA:192,0
DA:193,0
DA:194,0
DA:195,0
DA:196,0
DA:200,0
DA:202,0
DA:203,0
DA:204,0
DA:205,0
DA:206,0
DA:208,0
DA:212,0
DA:215,0
DA:218,0
DA:229,0
DA:230,0
DA:233,0
DA:236,0
DA:237,0
DA:239,0
DA:240,0
DA:244,0
DA:250,0
DA:251,0
DA:253,0
DA:254,0
DA:255,0
DA:256,0
DA:257,0
DA:258,0
DA:262,0
DA:264,0
DA:265,0
DA:266,0
DA:269,0
DA:270,0
DA:272,0
DA:274,0
DA:275,0
DA:278,0
DA:279,0
DA:280,0
DA:283,0
DA:284,0
DA:290,0
DA:291,0
DA:292,0
DA:293,0
DA:297,0
DA:298,0
DA:299,0
DA:300,0
DA:301,0
DA:302,0
DA:304,0
DA:305,0
DA:306,0
DA:307,0
DA:308,0
DA:309,0
DA:312,0
DA:315,0
DA:316,0
DA:317,0
DA:319,0
DA:324,0
DA:325,0
DA:327,0
DA:328,0
DA:329,0
DA:333,0
DA:334,0
DA:338,0
LF:158
LH:0
BRDA:57,0,0,0
BRDA:82,1,0,0
BRDA:114,2,0,0
BRDA:114,2,1,0
BRDA:119,3,0,0
BRDA:127,4,0,0
BRDA:127,4,1,0
BRDA:136,5,0,0
BRDA:156,6,0,0
BRDA:156,6,1,0
BRDA:158,7,0,0
BRDA:160,8,0,0
BRDA:160,8,1,0
BRDA:161,9,0,0
BRDA:161,9,1,0
BRDA:166,10,0,0
BRDA:166,10,1,0
BRDA:169,11,0,0
BRDA:176,12,0,0
BRDA:176,13,0,0
BRDA:176,13,1,0
BRDA:185,14,0,0
BRDA:185,14,1,0
BRDA:200,15,0,0
BRDA:200,15,1,0
BRDA:202,16,0,0
BRDA:202,16,1,0
BRDA:204,17,0,0
BRDA:204,17,1,0
BRDA:205,18,0,0
BRDA:205,18,1,0
BRDA:233,19,0,0
BRDA:233,19,1,0
BRDA:239,20,0,0
BRDA:239,20,1,0
BRDA:253,21,0,0
BRDA:262,22,0,0
BRDA:272,23,0,0
BRDA:278,24,0,0
BRDA:283,25,0,0
BRDA:283,26,0,0
BRDA:283,26,1,0
BRDA:293,27,0,0
BRDA:293,27,1,0
BRDA:298,28,0,0
BRDA:298,28,1,0
BRDA:316,29,0,0
BRDA:316,29,1,0
BRDA:324,30,0,0
BRDA:327,31,0,0
BRDA:327,31,1,0
BRDA:328,32,0,0
BRF:52
BRH:0
end_of_record
TN:
SF:src\db\schema\athleteProfiles.ts
FN:41,(anonymous_0)
FN:83,(anonymous_1)
FNF:2
FNH:0
FNDA:0,(anonymous_0)
FNDA:0,(anonymous_1)
DA:1,0
DA:15,0
DA:18,0
DA:21,0
DA:26,0
DA:31,0
DA:36,0
DA:41,0
DA:84,0
LF:9
LH:0
BRF:0
BRH:0
end_of_record
TN:
SF:src\db\schema\index.ts
FNF:0
FNH:0
DA:1,0
DA:2,0
DA:3,0
LF:3
LH:0
BRF:0
BRH:0
end_of_record
TN:
SF:src\db\schema\mediaItems.ts
FN:33,(anonymous_0)
FN:54,(anonymous_1)
FN:62,(anonymous_2)
FNF:3
FNH:0
FNDA:0,(anonymous_0)
FNDA:0,(anonymous_1)
FNDA:0,(anonymous_2)
DA:1,0
DA:12,0
DA:13,0
DA:16,0
DA:26,0
DA:33,0
DA:55,0
DA:62,0
LF:8
LH:0
BRF:0
BRH:0
end_of_record
TN:
SF:src\db\schema\users.ts
FN:45,(anonymous_0)
FNF:1
FNH:0
FNDA:0,(anonymous_0)
DA:1,0
DA:13,0
DA:16,0
DA:46,0
LF:4
LH:0
BRF:0
BRH:0
end_of_record
TN:
SF:src\middleware\auth.ts
FN:27,(anonymous_1)
FN:65,(anonymous_2)
FN:66,(anonymous_3)
FNF:3
FNH:0
FNDA:0,(anonymous_1)
FNDA:0,(anonymous_2)
FNDA:0,(anonymous_3)
DA:2,0
DA:5,0
DA:27,0
DA:29,0
DA:31,0
DA:32,0
DA:39,0
DA:41,0
DA:43,0
DA:46,0
DA:52,0
DA:54,0
DA:65,0
DA:66,0
DA:67,0
DA:68,0
DA:74,0
DA:75,0
DA:81,0
LF:19
LH:0
BRDA:5,0,0,0
BRDA:5,0,1,0
BRDA:31,1,0,0
BRDA:31,2,0,0
BRDA:31,2,1,0
BRDA:67,3,0,0
BRDA:74,4,0,0
BRF:7
BRH:0
end_of_record
TN:
SF:src\middleware\authMiddleware.ts
FN:11,authenticateJWT
FNF:1
FNH:0
FNDA:0,authenticateJWT
DA:2,0
DA:6,0
DA:11,0
DA:13,0
DA:15,0
DA:16,0
DA:22,0
DA:24,0
DA:26,0
DA:29,0
DA:35,0
DA:37,0
LF:12
LH:0
BRDA:6,0,0,0
BRDA:6,0,1,0
BRDA:15,1,0,0
BRDA:15,2,0,0
BRDA:15,2,1,0
BRF:5
BRH:0
end_of_record
TN:
SF:src\middleware\rbacMiddleware.ts
FN:9,requireSelfOrAdmin
FN:56,requireAdmin
FN:86,requireRole
FN:87,(anonymous_3)
FNF:4
FNH:0
FNDA:0,requireSelfOrAdmin
FNDA:0,requireAdmin
FNDA:0,requireRole
FNDA:0,(anonymous_3)
DA:9,0
DA:11,0
DA:14,0
DA:15,0
DA:23,0
DA:24,0
DA:27,0
DA:30,0
DA:31,0
DA:38,0
DA:40,0
DA:44,0
DA:56,0
DA:58,0
DA:61,0
DA:62,0
DA:69,0
DA:71,0
DA:75,0
DA:86,0
DA:87,0
DA:89,0
DA:92,0
DA:93,0
DA:100,0
DA:102,0
DA:106,0
LF:27
LH:0
BRDA:14,0,0,0
BRDA:23,1,0,0
BRDA:23,1,1,0
BRDA:27,2,0,0
BRDA:27,2,1,0
BRDA:30,3,0,0
BRDA:38,4,0,0
BRDA:38,5,0,0
BRDA:38,5,1,0
BRDA:61,6,0,0
BRDA:69,7,0,0
BRDA:92,8,0,0
BRDA:100,9,0,0
BRF:13
BRH:0
end_of_record
TN:
SF:src\middleware\validationMiddleware.ts
FN:27,(anonymous_0)
FN:28,(anonymous_1)
FN:56,(anonymous_2)
FN:59,(anonymous_3)
FN:94,formatZodErrors
FN:95,(anonymous_5)
FNF:6
FNH:0
FNDA:0,(anonymous_0)
FNDA:0,(anonymous_1)
FNDA:0,(anonymous_2)
FNDA:0,(anonymous_3)
FNDA:0,formatZodErrors
FNDA:0,(anonymous_5)
DA:2,0
DA:27,0
DA:28,0
DA:29,0
DA:30,0
DA:31,0
DA:33,0
DA:34,0
DA:36,0
DA:37,0
DA:39,0
DA:41,0
DA:42,0
DA:48,0
DA:56,0
DA:57,0
DA:59,0
DA:60,0
DA:62,0
DA:65,0
DA:67,0
DA:69,0
DA:72,0
DA:80,0
DA:81,0
DA:83,0
DA:95,0
DA:97,0
DA:100,0
DA:101,0
LF:30
LH:0
BRDA:30,0,0,0
BRDA:33,1,0,0
BRDA:36,2,0,0
BRDA:41,3,0,0
BRDA:56,4,0,0
BRDA:67,5,0,0
BRF:6
BRH:0
end_of_record
TN:
SF:src\routes\athleteProfileRoutes.ts
FN:17,(anonymous_10)
FN:30,(anonymous_11)
FN:67,(anonymous_12)
FN:101,(anonymous_13)
FN:105,(anonymous_14)
FNF:5
FNH:0
FNDA:0,(anonymous_10)
FNDA:0,(anonymous_11)
FNDA:0,(anonymous_12)
FNDA:0,(anonymous_13)
FNDA:0,(anonymous_14)
DA:1,0
DA:2,0
DA:3,0
DA:4,0
DA:5,0
DA:6,0
DA:7,0
DA:17,0
DA:18,0
DA:19,0
DA:21,0
DA:24,0
DA:30,0
DA:31,0
DA:33,0
DA:34,0
DA:40,0
DA:41,0
DA:43,0
DA:44,0
DA:50,0
DA:55,0
DA:63,0
DA:68,0
DA:69,0
DA:70,0
DA:76,0
DA:77,0
DA:79,0
DA:81,0
DA:87,0
DA:96,0
DA:101,0
DA:106,0
DA:108,0
DA:109,0
DA:111,0
DA:112,0
DA:118,0
DA:123,0
DA:128,0
LF:41
LH:0
BRDA:18,0,0,0
BRDA:33,1,0,0
BRDA:43,2,0,0
BRDA:69,3,0,0
BRDA:111,4,0,0
BRF:5
BRH:0
end_of_record
TN:
SF:src\routes\auth.ts
FN:64,(anonymous_1)
FN:86,registerUser
FN:103,(anonymous_3)
FN:185,loginUser
FN:202,(anonymous_5)
FN:268,(anonymous_6)
FN:285,(anonymous_7)
FN:367,(anonymous_8)
FN:373,(anonymous_9)
FN:403,(anonymous_10)
FN:419,(anonymous_11)
FN:463,(anonymous_12)
FNF:12
FNH:0
FNDA:0,(anonymous_1)
FNDA:0,registerUser
FNDA:0,(anonymous_3)
FNDA:0,loginUser
FNDA:0,(anonymous_5)
FNDA:0,(anonymous_6)
FNDA:0,(anonymous_7)
FNDA:0,(anonymous_8)
FNDA:0,(anonymous_9)
FNDA:0,(anonymous_10)
FNDA:0,(anonymous_11)
FNDA:0,(anonymous_12)
DA:1,0
DA:2,0
DA:3,0
DA:4,0
DA:5,0
DA:6,0
DA:7,0
DA:8,0
DA:9,0
DA:10,0
DA:21,0
DA:24,0
DA:25,0
DA:28,0
DA:41,0
DA:50,0
DA:56,0
DA:61,0
DA:64,0
DA:70,0
DA:87,0
DA:89,0
DA:91,0
DA:92,0
DA:98,0
DA:100,0
DA:102,0
DA:103,0
DA:106,0
DA:107,0
DA:114,0
DA:117,0
DA:121,0
DA:133,0
DA:134,0
DA:137,0
DA:140,0
DA:151,0
DA:169,0
DA:170,0
DA:176,0
DA:177,0
DA:186,0
DA:188,0
DA:190,0
DA:191,0
DA:197,0
DA:199,0
DA:201,0
DA:202,0
DA:205,0
DA:206,0
DA:213,0
DA:215,0
DA:216,0
DA:223,0
DA:234,0
DA:249,0
DA:250,0
DA:256,0
DA:257,0
DA:268,0
DA:269,0
DA:271,0
DA:273,0
DA:274,0
DA:280,0
DA:283,0
DA:284,0
DA:285,0
DA:287,0
DA:290,0
DA:291,0
DA:292,0
DA:297,0
DA:299,0
DA:300,0
DA:301,0
DA:304,0
DA:305,0
DA:311,0
DA:314,0
DA:317,0
DA:345,0
DA:351,0
DA:352,0
DA:355,0
DA:356,0
DA:367,0
DA:368,0
DA:369,0
DA:372,0
DA:373,0
DA:377,0
DA:378,0
DA:385,0
DA:391,0
DA:392,0
DA:403,0
DA:404,0
DA:405,0
DA:408,0
DA:410,0
DA:411,0
DA:418,0
DA:419,0
DA:423,0
DA:424,0
DA:431,0
DA:434,0
DA:442,0
DA:447,0
DA:448,0
DA:456,0
DA:460,0
DA:463,0
DA:465,0
DA:467,0
DA:468,0
DA:475,0
DA:485,0
LF:121
LH:0
BRDA:24,0,0,0
BRDA:24,0,1,0
BRDA:91,1,0,0
BRDA:106,2,0,0
BRDA:133,3,0,0
BRDA:133,4,0,0
BRDA:133,4,1,0
BRDA:190,5,0,0
BRDA:205,6,0,0
BRDA:215,7,0,0
BRDA:273,8,0,0
BRDA:287,9,0,0
BRDA:287,9,1,0
BRDA:290,10,0,0
BRDA:314,11,0,0
BRDA:314,11,1,0
BRDA:348,12,0,0
BRDA:348,12,1,0
BRDA:377,13,0,0
BRDA:377,14,0,0
BRDA:377,14,1,0
BRDA:377,14,2,0
BRDA:410,15,0,0
BRDA:423,16,0,0
BRDA:423,17,0,0
BRDA:423,17,1,0
BRDA:423,17,2,0
BRDA:467,18,0,0
BRF:28
BRH:0
end_of_record
TN:
SF:src\routes\debug.ts
FN:10,(anonymous_1)
FN:19,(anonymous_2)
FN:38,(anonymous_3)
FN:39,(anonymous_4)
FN:71,(anonymous_5)
FN:77,(anonymous_6)
FN:81,(anonymous_7)
FNF:7
FNH:0
FNDA:0,(anonymous_1)
FNDA:0,(anonymous_2)
FNDA:0,(anonymous_3)
FNDA:0,(anonymous_4)
FNDA:0,(anonymous_5)
FNDA:0,(anonymous_6)
FNDA:0,(anonymous_7)
DA:1,0
DA:2,0
DA:3,0
DA:4,0
DA:5,0
DA:7,0
DA:10,0
DA:11,0
DA:19,0
DA:20,0
DA:21,0
DA:22,0
DA:28,0
DA:29,0
DA:38,0
DA:39,0
DA:40,0
DA:41,0
DA:48,0
DA:49,0
DA:55,0
DA:71,0
DA:72,0
DA:73,0
DA:74,0
DA:76,0
DA:77,0
DA:80,0
DA:81,0
DA:84,0
DA:94,0
DA:95,0
DA:103,0
LF:33
LH:0
BRDA:14,0,0,0
BRDA:14,0,1,0
BRDA:40,1,0,0
BRDA:48,2,0,0
BRDA:76,3,0,0
BRDA:76,3,1,0
BRDA:80,4,0,0
BRDA:80,4,1,0
BRF:8
BRH:0
end_of_record
TN:
SF:src\routes\mediaItemRoutes.ts
FN:19,(anonymous_10)
FN:28,(anonymous_11)
FN:33,(anonymous_12)
FN:55,(anonymous_13)
FN:91,(anonymous_14)
FN:121,(anonymous_15)
FNF:6
FNH:0
FNDA:0,(anonymous_10)
FNDA:0,(anonymous_11)
FNDA:0,(anonymous_12)
FNDA:0,(anonymous_13)
FNDA:0,(anonymous_14)
FNDA:0,(anonymous_15)
DA:1,0
DA:2,0
DA:3,0
DA:4,0
DA:5,0
DA:9,0
DA:17,0
DA:19,0
DA:20,0
DA:21,0
DA:23,0
DA:27,0
DA:28,0
DA:33,0
DA:34,0
DA:35,0
DA:37,0
DA:38,0
DA:43,0
DA:48,0
DA:56,0
DA:57,0
DA:62,0
DA:63,0
DA:66,0
DA:69,0
DA:73,0
DA:78,0
DA:84,0
DA:92,0
DA:93,0
DA:94,0
DA:95,0
DA:96,0
DA:98,0
DA:103,0
DA:104,0
DA:106,0
DA:111,0
DA:117,0
DA:122,0
DA:123,0
DA:124,0
DA:125,0
DA:127,0
DA:131,0
DA:132,0
DA:134,0
DA:136,0
DA:141,0
LF:50
LH:0
BRDA:20,0,0,0
BRDA:63,1,0,0
BRDA:103,2,0,0
BRDA:131,3,0,0
BRF:4
BRH:0
end_of_record
TN:
SF:src\routes\profile.ts
FN:14,generateUniqueSlug
FN:83,(anonymous_2)
FN:89,(anonymous_3)
FN:103,(anonymous_4)
FN:122,(anonymous_5)
FN:126,createProfileDataObject
FN:183,createProfile
FN:199,(anonymous_8)
FN:328,createProfileUpdateObject
FN:412,updateProfile
FN:428,(anonymous_11)
FN:605,(anonymous_12)
FN:632,(anonymous_13)
FN:715,(anonymous_14)
FN:735,(anonymous_15)
FNF:15
FNH:0
FNDA:0,generateUniqueSlug
FNDA:0,(anonymous_2)
FNDA:0,(anonymous_3)
FNDA:0,(anonymous_4)
FNDA:0,(anonymous_5)
FNDA:0,createProfileDataObject
FNDA:0,createProfile
FNDA:0,(anonymous_8)
FNDA:0,createProfileUpdateObject
FNDA:0,updateProfile
FNDA:0,(anonymous_11)
FNDA:0,(anonymous_12)
FNDA:0,(anonymous_13)
FNDA:0,(anonymous_14)
FNDA:0,(anonymous_15)
DA:1,0
DA:2,0
DA:3,0
DA:4,0
DA:5,0
DA:7,0
DA:8,0
DA:9,0
DA:11,0
DA:16,0
DA:23,0
DA:24,0
DA:28,0
DA:29,0
DA:30,0
DA:32,0
DA:34,0
DA:38,0
DA:43,0
DA:44,0
DA:47,0
DA:48,0
DA:52,0
DA:54,0
DA:55,0
DA:59,0
DA:63,0
DA:84,0
DA:85,0
DA:86,0
DA:90,0
DA:91,0
DA:92,0
DA:104,0
DA:105,0
DA:106,0
DA:122,0
DA:123,0
DA:128,0
DA:132,0
DA:136,0
DA:140,0
DA:184,0
DA:186,0
DA:187,0
DA:191,0
DA:193,0
DA:195,0
DA:196,0
DA:199,0
DA:200,0
DA:201,0
DA:205,0
DA:211,0
DA:214,0
DA:215,0
DA:216,0
DA:217,0
DA:219,0
DA:221,0
DA:225,0
DA:226,0
DA:233,0
DA:237,0
DA:238,0
DA:239,0
DA:246,0
DA:302,0
DA:303,0
DA:309,0
DA:312,0
DA:313,0
DA:319,0
DA:320,0
DA:334,0
DA:337,0
DA:338,0
DA:339,0
DA:342,0
DA:343,0
DA:344,0
DA:345,0
DA:346,0
DA:347,0
DA:351,0
DA:352,0
DA:355,0
DA:356,0
DA:361,0
DA:362,0
DA:367,0
DA:368,0
DA:369,0
DA:374,0
DA:375,0
DA:380,0
DA:381,0
DA:386,0
DA:387,0
DA:388,0
DA:390,0
DA:392,0
DA:393,0
DA:398,0
DA:399,0
DA:402,0
DA:403,0
DA:404,0
DA:405,0
DA:406,0
DA:408,0
DA:413,0
DA:415,0
DA:416,0
DA:420,0
DA:422,0
DA:424,0
DA:425,0
DA:428,0
DA:429,0
DA:430,0
DA:434,0
DA:440,0
DA:443,0
DA:444,0
DA:445,0
DA:447,0
DA:448,0
DA:450,0
DA:451,0
DA:454,0
DA:456,0
DA:460,0
DA:461,0
DA:467,0
DA:469,0
DA:470,0
DA:472,0
DA:478,0
DA:483,0
DA:484,0
DA:485,0
DA:492,0
DA:495,0
DA:496,0
DA:497,0
DA:500,0
DA:503,0
DA:504,0
DA:505,0
DA:507,0
DA:508,0
DA:509,0
DA:511,0
DA:512,0
DA:516,0
DA:517,0
DA:520,0
DA:521,0
DA:526,0
DA:527,0
DA:532,0
DA:533,0
DA:534,0
DA:539,0
DA:540,0
DA:545,0
DA:546,0
DA:551,0
DA:552,0
DA:553,0
DA:555,0
DA:557,0
DA:558,0
DA:563,0
DA:564,0
DA:567,0
DA:568,0
DA:569,0
DA:570,0
DA:571,0
DA:574,0
DA:580,0
DA:581,0
DA:586,0
DA:589,0
DA:590,0
DA:596,0
DA:597,0
DA:605,0
DA:606,0
DA:608,0
DA:609,0
DA:613,0
DA:617,0
DA:618,0
DA:621,0
DA:623,0
DA:624,0
DA:632,0
DA:633,0
DA:634,0
DA:636,0
DA:637,0
DA:641,0
DA:672,0
DA:673,0
DA:677,0
DA:704,0
DA:706,0
DA:707,0
DA:715,0
DA:716,0
DA:717,0
DA:718,0
DA:720,0
DA:721,0
DA:729,0
DA:732,0
DA:735,0
DA:736,0
DA:737,0
DA:739,0
DA:740,0
DA:743,0
DA:748,0
DA:754,0
DA:755,0
DA:762,0
LF:229
LH:0
BRDA:23,0,0,0
BRDA:34,1,0,0
BRDA:34,1,1,0
BRDA:43,2,0,0
BRDA:43,2,1,0
BRDA:52,3,0,0
BRDA:84,4,0,0
BRDA:86,5,0,0
BRDA:86,5,1,0
BRDA:90,6,0,0
BRDA:92,7,0,0
BRDA:92,7,1,0
BRDA:104,8,0,0
BRDA:106,9,0,0
BRDA:106,9,1,0
BRDA:123,10,0,0
BRDA:123,10,1,0
BRDA:128,11,0,0
BRDA:128,11,1,0
BRDA:132,12,0,0
BRDA:132,12,1,0
BRDA:136,13,0,0
BRDA:136,13,1,0
BRDA:186,14,0,0
BRDA:193,15,0,0
BRDA:200,16,0,0
BRDA:200,17,0,0
BRDA:200,17,1,0
BRDA:225,18,0,0
BRDA:233,19,0,0
BRDA:233,19,1,0
BRDA:238,20,0,0
BRDA:254,21,0,0
BRDA:254,21,1,0
BRDA:258,22,0,0
BRDA:258,22,1,0
BRDA:264,23,0,0
BRDA:264,23,1,0
BRDA:267,24,0,0
BRDA:267,24,1,0
BRDA:270,25,0,0
BRDA:270,25,1,0
BRDA:270,26,0,0
BRDA:270,26,1,0
BRDA:273,27,0,0
BRDA:273,27,1,0
BRDA:276,28,0,0
BRDA:276,28,1,0
BRDA:287,29,0,0
BRDA:287,29,1,0
BRDA:302,30,0,0
BRDA:302,30,1,0
BRDA:302,31,0,0
BRDA:302,31,1,0
BRDA:337,32,0,0
BRDA:338,33,0,0
BRDA:339,34,0,0
BRDA:342,35,0,0
BRDA:342,36,0,0
BRDA:342,36,1,0
BRDA:343,37,0,0
BRDA:343,37,1,0
BRDA:343,38,0,0
BRDA:343,38,1,0
BRDA:344,39,0,0
BRDA:344,39,1,0
BRDA:344,40,0,0
BRDA:344,40,1,0
BRDA:346,41,0,0
BRDA:351,42,0,0
BRDA:352,43,0,0
BRDA:352,43,1,0
BRDA:355,44,0,0
BRDA:356,45,0,0
BRDA:356,45,1,0
BRDA:361,46,0,0
BRDA:362,47,0,0
BRDA:362,47,1,0
BRDA:367,48,0,0
BRDA:367,49,0,0
BRDA:367,49,1,0
BRDA:374,50,0,0
BRDA:375,51,0,0
BRDA:375,51,1,0
BRDA:380,52,0,0
BRDA:381,53,0,0
BRDA:381,53,1,0
BRDA:386,54,0,0
BRDA:387,55,0,0
BRDA:388,56,0,0
BRDA:390,57,0,0
BRDA:392,58,0,0
BRDA:393,59,0,0
BRDA:393,59,1,0
BRDA:398,60,0,0
BRDA:398,61,0,0
BRDA:398,61,1,0
BRDA:402,62,0,0
BRDA:403,63,0,0
BRDA:404,64,0,0
BRDA:405,65,0,0
BRDA:406,66,0,0
BRDA:415,67,0,0
BRDA:422,68,0,0
BRDA:429,69,0,0
BRDA:429,70,0,0
BRDA:429,70,1,0
BRDA:444,71,0,0
BRDA:447,72,0,0
BRDA:450,73,0,0
BRDA:460,74,0,0
BRDA:469,75,0,0
BRDA:470,76,0,0
BRDA:470,76,1,0
BRDA:473,77,0,0
BRDA:473,77,1,0
BRDA:473,77,2,0
BRDA:484,78,0,0
BRDA:485,79,0,0
BRDA:485,79,1,0
BRDA:495,80,0,0
BRDA:496,81,0,0
BRDA:497,82,0,0
BRDA:500,83,0,0
BRDA:500,84,0,0
BRDA:500,84,1,0
BRDA:503,85,0,0
BRDA:503,85,1,0
BRDA:507,86,0,0
BRDA:507,86,1,0
BRDA:508,87,0,0
BRDA:508,87,1,0
BRDA:511,88,0,0
BRDA:516,89,0,0
BRDA:517,90,0,0
BRDA:517,90,1,0
BRDA:520,91,0,0
BRDA:521,92,0,0
BRDA:521,92,1,0
BRDA:526,93,0,0
BRDA:527,94,0,0
BRDA:527,94,1,0
BRDA:532,95,0,0
BRDA:532,96,0,0
BRDA:532,96,1,0
BRDA:539,97,0,0
BRDA:540,98,0,0
BRDA:540,98,1,0
BRDA:545,99,0,0
BRDA:546,100,0,0
BRDA:546,100,1,0
BRDA:551,101,0,0
BRDA:552,102,0,0
BRDA:553,103,0,0
BRDA:555,104,0,0
BRDA:557,105,0,0
BRDA:558,106,0,0
BRDA:558,106,1,0
BRDA:563,107,0,0
BRDA:563,108,0,0
BRDA:563,108,1,0
BRDA:567,109,0,0
BRDA:568,110,0,0
BRDA:569,111,0,0
BRDA:570,112,0,0
BRDA:571,113,0,0
BRDA:580,114,0,0
BRDA:580,114,1,0
BRDA:580,115,0,0
BRDA:580,115,1,0
BRDA:608,116,0,0
BRDA:617,117,0,0
BRDA:636,118,0,0
BRDA:672,119,0,0
BRDA:694,120,0,0
BRDA:694,120,1,0
BRDA:695,121,0,0
BRDA:695,121,1,0
BRDA:696,122,0,0
BRDA:696,122,1,0
BRDA:699,123,0,0
BRDA:699,123,1,0
BRDA:699,124,0,0
BRDA:699,124,1,0
BRDA:739,125,0,0
BRDA:751,126,0,0
BRDA:751,126,1,0
BRDA:751,126,2,0
BRF:188
BRH:0
end_of_record
TN:
SF:src\routes\test-auth.ts
FN:15,(anonymous_1)
FN:55,(anonymous_2)
FN:106,(anonymous_3)
FN:118,(anonymous_4)
FN:135,(anonymous_5)
FN:152,(anonymous_6)
FN:162,(anonymous_7)
FNF:7
FNH:0
FNDA:0,(anonymous_1)
FNDA:0,(anonymous_2)
FNDA:0,(anonymous_3)
FNDA:0,(anonymous_4)
FNDA:0,(anonymous_5)
FNDA:0,(anonymous_6)
FNDA:0,(anonymous_7)
DA:1,0
DA:2,0
DA:3,0
DA:4,0
DA:5,0
DA:6,0
DA:7,0
DA:9,0
DA:15,0
DA:16,0
DA:17,0
DA:19,0
DA:50,0
DA:52,0
DA:54,0
DA:55,0
DA:58,0
DA:59,0
DA:60,0
DA:64,0
DA:67,0
DA:79,0
DA:86,0
DA:93,0
DA:94,0
DA:103,0
DA:106,0
DA:107,0
DA:118,0
DA:119,0
DA:131,0
DA:136,0
DA:148,0
DA:153,0
DA:162,0
DA:164,0
DA:171,0
DA:173,0
DA:182,0
LF:39
LH:0
BRDA:58,0,0,0
BRDA:103,1,0,0
BRDA:103,1,1,0
BRF:3
BRH:0
end_of_record
TN:
SF:src\routes\test-rbac.ts
FN:11,(anonymous_0)
FN:23,(anonymous_1)
FN:36,(anonymous_2)
FN:49,(anonymous_3)
FN:65,(anonymous_4)
FN:82,(anonymous_5)
FN:95,(anonymous_6)
FNF:7
FNH:0
FNDA:0,(anonymous_0)
FNDA:0,(anonymous_1)
FNDA:0,(anonymous_2)
FNDA:0,(anonymous_3)
FNDA:0,(anonymous_4)
FNDA:0,(anonymous_5)
FNDA:0,(anonymous_6)
DA:1,0
DA:2,0
DA:3,0
DA:5,0
DA:11,0
DA:12,0
DA:23,0
DA:24,0
DA:36,0
DA:37,0
DA:49,0
DA:50,0
DA:52,0
DA:65,0
DA:66,0
DA:68,0
DA:82,0
DA:83,0
DA:95,0
DA:96,0
DA:104,0
LF:21
LH:0
BRDA:57,0,0,0
BRDA:57,0,1,0
BRDA:74,1,0,0
BRDA:74,1,1,0
BRF:4
BRH:0
end_of_record
TN:
SF:src\routes\test-validation.ts
FN:11,(anonymous_1)
FNF:1
FNH:0
FNDA:0,(anonymous_1)
DA:1,0
DA:2,0
DA:3,0
DA:5,0
DA:8,0
DA:12,0
DA:20,0
LF:7
LH:0
BRF:0
BRH:0
end_of_record
TN:
SF:src\routes\testRoutes.ts
FNF:0
FNH:0
DA:1,0
DA:2,0
DA:3,0
DA:4,0
DA:6,0
DA:9,0
DA:10,0
DA:11,0
DA:13,0
LF:9
LH:0
BRF:0
BRH:0
end_of_record
TN:
SF:src\routes\upload.ts
FN:16,(anonymous_10)
FN:17,(anonymous_11)
FN:67,(anonymous_12)
FN:68,(anonymous_13)
FN:118,(anonymous_14)
FN:119,(anonymous_15)
FN:201,(anonymous_16)
FN:243,(anonymous_17)
FNF:8
FNH:0
FNDA:0,(anonymous_10)
FNDA:0,(anonymous_11)
FNDA:0,(anonymous_12)
FNDA:0,(anonymous_13)
FNDA:0,(anonymous_14)
FNDA:0,(anonymous_15)
FNDA:0,(anonymous_16)
FNDA:0,(anonymous_17)
DA:1,0
DA:2,0
DA:3,0
DA:4,0
DA:5,0
DA:6,0
DA:7,0
DA:8,0
DA:10,0
DA:16,0
DA:17,0
DA:18,0
DA:20,0
DA:21,0
DA:28,0
DA:29,0
DA:36,0
DA:39,0
DA:40,0
DA:46,0
DA:54,0
DA:55,0
DA:67,0
DA:68,0
DA:69,0
DA:71,0
DA:72,0
DA:79,0
DA:80,0
DA:87,0
DA:90,0
DA:91,0
DA:97,0
DA:105,0
DA:106,0
DA:118,0
DA:119,0
DA:120,0
DA:122,0
DA:123,0
DA:129,0
DA:133,0
DA:137,0
DA:144,0
DA:145,0
DA:148,0
DA:152,0
DA:157,0
DA:158,0
DA:160,0
DA:161,0
DA:164,0
DA:165,0
DA:168,0
DA:174,0
DA:188,0
DA:189,0
DA:201,0
DA:202,0
DA:204,0
DA:208,0
DA:209,0
DA:216,0
DA:217,0
DA:220,0
DA:223,0
DA:227,0
DA:231,0
DA:232,0
DA:243,0
DA:244,0
DA:246,0
DA:250,0
DA:251,0
DA:258,0
DA:259,0
DA:262,0
DA:265,0
DA:269,0
DA:273,0
DA:274,0
DA:281,0
LF:82
LH:0
BRDA:20,0,0,0
BRDA:28,1,0,0
BRDA:39,2,0,0
BRDA:71,3,0,0
BRDA:79,4,0,0
BRDA:90,5,0,0
BRDA:122,6,0,0
BRDA:133,7,0,0
BRDA:133,8,0,0
BRDA:133,8,1,0
BRDA:133,8,2,0
BRDA:148,9,0,0
BRDA:148,9,1,0
BRDA:152,10,0,0
BRDA:152,10,1,0
BRDA:157,11,0,0
BRDA:157,12,0,0
BRDA:157,12,1,0
BRDA:157,12,2,0
BRDA:160,13,0,0
BRDA:164,14,0,0
BRDA:177,15,0,0
BRDA:177,15,1,0
BRDA:181,16,0,0
BRDA:181,16,1,0
BRDA:205,17,0,0
BRDA:205,17,1,0
BRDA:208,18,0,0
BRDA:208,19,0,0
BRDA:208,19,1,0
BRDA:225,20,0,0
BRDA:225,20,1,0
BRDA:247,21,0,0
BRDA:247,21,1,0
BRDA:250,22,0,0
BRDA:250,23,0,0
BRDA:250,23,1,0
BRDA:267,24,0,0
BRDA:267,24,1,0
BRF:39
BRH:0
end_of_record
TN:
SF:src\scripts\create-admin-user.ts
FN:27,createAdminUser
FN:35,(anonymous_2)
FNF:2
FNH:0
FNDA:0,createAdminUser
FNDA:0,(anonymous_2)
DA:2,0
DA:3,0
DA:6,0
DA:7,0
DA:8,0
DA:11,0
DA:12,0
DA:15,0
DA:16,0
DA:17,0
DA:18,0
DA:19,0
DA:22,0
DA:28,0
DA:29,0
DA:30,0
DA:33,0
DA:34,0
DA:35,0
DA:40,0
DA:41,0
DA:44,0
DA:45,0
DA:46,0
DA:51,0
DA:52,0
DA:54,0
DA:55,0
DA:59,0
DA:60,0
DA:63,0
DA:64,0
DA:75,0
DA:76,0
DA:80,0
DA:81,0
DA:92,0
DA:93,0
DA:94,0
DA:95,0
DA:96,0
DA:97,0
DA:98,0
DA:99,0
DA:101,0
DA:102,0
DA:103,0
DA:105,0
DA:108,0
DA:110,0
DA:111,0
DA:116,0
LF:52
LH:0
BRDA:22,0,0,0
BRDA:22,0,1,0
BRDA:40,1,0,0
BRDA:40,1,1,0
BRDA:44,2,0,0
BRDA:44,2,1,0
BRF:6
BRH:0
end_of_record
TN:
SF:src\services\athleteProfileService.ts
FN:12,getAthleteProfileByUserId
FN:32,upsertAthleteProfile
FN:38,(anonymous_2)
FNF:3
FNH:0
FNDA:0,getAthleteProfileByUserId
FNDA:0,upsertAthleteProfile
FNDA:0,(anonymous_2)
DA:1,0
DA:2,0
DA:3,0
DA:12,0
DA:13,0
DA:14,0
DA:18,0
DA:20,0
DA:21,0
DA:32,0
DA:33,0
DA:35,0
DA:38,0
DA:39,0
DA:42,0
DA:45,0
DA:51,0
DA:52,0
DA:53,0
DA:54,0
DA:55,0
DA:56,0
DA:57,0
DA:58,0
DA:60,0
DA:66,0
DA:70,0
DA:81,0
DA:82,0
DA:83,0
DA:84,0
DA:85,0
DA:86,0
DA:87,0
DA:88,0
DA:89,0
DA:90,0
DA:93,0
DA:94,0
DA:95,0
DA:96,0
DA:97,0
DA:98,0
DA:99,0
DA:100,0
DA:102,0
DA:107,0
DA:110,0
DA:111,0
LF:49
LH:0
BRDA:39,0,0,0
BRDA:39,0,1,0
BRDA:42,1,0,0
BRDA:42,1,1,0
BRDA:51,2,0,0
BRDA:52,3,0,0
BRDA:53,4,0,0
BRDA:54,5,0,0
BRDA:55,6,0,0
BRDA:56,7,0,0
BRDA:57,8,0,0
BRDA:58,9,0,0
BRDA:72,10,0,0
BRDA:72,10,1,0
BRDA:73,11,0,0
BRDA:73,11,1,0
BRDA:74,12,0,0
BRDA:74,12,1,0
BRDA:75,13,0,0
BRDA:75,13,1,0
BRDA:81,14,0,0
BRDA:82,15,0,0
BRDA:83,16,0,0
BRDA:84,17,0,0
BRDA:85,18,0,0
BRDA:86,19,0,0
BRDA:87,20,0,0
BRDA:88,21,0,0
BRDA:89,22,0,0
BRDA:90,23,0,0
BRDA:93,24,0,0
BRDA:94,25,0,0
BRDA:95,26,0,0
BRDA:96,27,0,0
BRDA:97,28,0,0
BRDA:98,29,0,0
BRDA:99,30,0,0
BRDA:100,31,0,0
BRF:38
BRH:0
end_of_record
TN:
SF:src\services\videoLinkService.ts
FN:9,addVideoLink
FN:24,getVideoLinks
FN:40,getVideoLinkById
FN:55,deleteVideoLink
FN:69,updateVideoLink
FNF:5
FNH:0
FNDA:0,addVideoLink
FNDA:0,getVideoLinks
FNDA:0,getVideoLinkById
FNDA:0,deleteVideoLink
FNDA:0,updateVideoLink
DA:1,0
DA:2,0
DA:3,0
DA:9,0
DA:10,0
DA:24,0
DA:25,0
DA:40,0
DA:41,0
DA:55,0
DA:56,0
DA:69,0
DA:71,0
DA:73,0
DA:74,0
DA:75,0
DA:76,0
DA:79,0
DA:81,0
LF:19
LH:0
BRDA:13,0,0,0
BRDA:13,0,1,0
BRDA:30,1,0,0
BRDA:30,1,1,0
BRDA:30,1,2,0
BRDA:73,2,0,0
BRDA:74,3,0,0
BRDA:75,4,0,0
BRDA:76,5,0,0
BRF:9
BRH:0
end_of_record
TN:
SF:src\types\index.ts
FN:6,(anonymous_0)
FN:34,(anonymous_1)
FNF:2
FNH:0
FNDA:0,(anonymous_0)
FNDA:0,(anonymous_1)
DA:6,0
DA:7,0
DA:8,0
DA:9,0
DA:10,0
DA:34,0
DA:35,0
DA:36,0
LF:8
LH:0
BRDA:6,0,0,0
BRDA:6,0,1,0
BRDA:34,1,0,0
BRDA:34,1,1,0
BRF:4
BRH:0
end_of_record
TN:
SF:src\utils\fileUpload.ts
FN:13,(anonymous_1)
FN:21,(anonymous_2)
FN:31,(anonymous_3)
FN:43,(anonymous_4)
FN:90,(anonymous_5)
FN:102,(anonymous_6)
FNF:6
FNH:0
FNDA:0,(anonymous_1)
FNDA:0,(anonymous_2)
FNDA:0,(anonymous_3)
FNDA:0,(anonymous_4)
FNDA:0,(anonymous_5)
FNDA:0,(anonymous_6)
DA:1,0
DA:2,0
DA:3,0
DA:8,0
DA:9,0
DA:10,0
DA:13,0
DA:14,0
DA:15,0
DA:20,0
DA:23,0
DA:24,0
DA:25,0
DA:26,0
DA:28,0
DA:33,0
DA:34,0
DA:35,0
DA:36,0
DA:37,0
DA:38,0
DA:43,0
DA:44,0
DA:46,0
DA:47,0
DA:51,0
DA:52,0
DA:53,0
DA:55,0
DA:57,0
DA:58,0
DA:62,0
DA:66,0
DA:75,0
DA:78,0
DA:79,0
DA:80,0
DA:90,0
DA:93,0
DA:94,0
DA:95,0
DA:102,0
DA:103,0
DA:104,0
DA:105,0
DA:108,0
DA:112,0
LF:47
LH:0
BRDA:14,0,0,0
BRDA:23,1,0,0
BRDA:23,1,1,0
BRDA:25,2,0,0
BRDA:25,2,1,0
BRDA:34,3,0,0
BRDA:34,3,1,0
BRDA:44,4,0,0
BRDA:44,4,1,0
BRDA:46,5,0,0
BRDA:52,6,0,0
BRDA:55,7,0,0
BRDA:57,8,0,0
BRDA:93,9,0,0
BRDA:104,10,0,0
BRF:15
BRH:0
end_of_record
TN:
SF:src\utils\responses.ts
FN:4,(anonymous_0)
FN:20,(anonymous_1)
FN:41,(anonymous_2)
FNF:3
FNH:0
FNDA:0,(anonymous_0)
FNDA:0,(anonymous_1)
FNDA:0,(anonymous_2)
DA:4,0
DA:9,0
DA:20,0
DA:26,0
DA:30,0
DA:41,0
DA:45,0
LF:7
LH:0
BRDA:7,0,0,0
BRDA:23,1,0,0
BRDA:26,2,0,0
BRDA:26,2,1,0
BRDA:27,3,0,0
BRDA:27,3,1,0
BRF:6
BRH:0
end_of_record
TN:
SF:src\validations\athleteProfileSchemas.ts
FNF:0
FNH:0
DA:1,0
DA:6,0
DA:10,0
DA:12,0
DA:14,0
DA:21,0
DA:30,0
DA:37,0
DA:50,0
DA:72,0
DA:83,0
DA:93,0
DA:103,0
DA:110,0
DA:140,0
LF:15
LH:0
BRF:0
BRH:0
end_of_record
TN:
SF:src\validations\authSchemas.ts
FN:35,(anonymous_0)
FNF:1
FNH:0
FNDA:0,(anonymous_0)
DA:1,0
DA:6,0
DA:17,0
DA:25,0
DA:32,0
DA:35,0
DA:48,0
LF:7
LH:0
BRF:0
BRH:0
end_of_record
TN:
SF:src\validations\mediaItemSchemas.ts
FNF:0
FNH:0
DA:1,0
DA:3,0
DA:11,0
DA:14,0
DA:31,0
LF:5
LH:0
BRF:0
BRH:0
end_of_record
TN:
SF:src\validations\videoLinkSchemas.ts
FN:17,(anonymous_0)
FNF:1
FNH:0
FNDA:0,(anonymous_0)
DA:1,0
DA:12,0
DA:17,0
LF:3
LH:0
BRF:0
BRH:0
end_of_record
